<?xml version="1.0" encoding="UTF-8"?>
<testsuite xmlns:xsi="http://www.w3.org/2001/XMLSchema-instance" xsi:noNamespaceSchemaLocation="https://maven.apache.org/surefire/maven-surefire-plugin/xsd/surefire-test-report.xsd" name="com.tarni.kafka.streams.KafkaStreamsDemo.KafkaStreamsDemoApplicationTests" time="2.257" tests="2" errors="0" skipped="0" failures="0">
  <properties>
    <property name="gopherProxySet" value="false"/>
    <property name="awt.toolkit" value="sun.lwawt.macosx.LWCToolkit"/>
    <property name="http.proxyHost" value="airtelproxy.airtel.com"/>
    <property name="file.encoding.pkg" value="sun.io"/>
    <property name="java.specification.version" value="1.8"/>
    <property name="sun.cpu.isalist" value=""/>
    <property name="sun.jnu.encoding" value="UTF-8"/>
    <property name="java.class.path" value="/Users/B0207448/Documents/Sylphrena/gringotts/KafkaStreamsDemo/target/test-classes:/Users/B0207448/Documents/Sylphrena/gringotts/KafkaStreamsDemo/target/classes:/Users/B0207448/.m2/repository/org/springframework/boot/spring-boot-starter/2.0.4.RELEASE/spring-boot-starter-2.0.4.RELEASE.jar:/Users/B0207448/.m2/repository/org/springframework/boot/spring-boot/2.0.4.RELEASE/spring-boot-2.0.4.RELEASE.jar:/Users/B0207448/.m2/repository/org/springframework/boot/spring-boot-autoconfigure/2.0.4.RELEASE/spring-boot-autoconfigure-2.0.4.RELEASE.jar:/Users/B0207448/.m2/repository/org/springframework/boot/spring-boot-starter-logging/2.0.4.RELEASE/spring-boot-starter-logging-2.0.4.RELEASE.jar:/Users/B0207448/.m2/repository/ch/qos/logback/logback-classic/1.2.3/logback-classic-1.2.3.jar:/Users/B0207448/.m2/repository/ch/qos/logback/logback-core/1.2.3/logback-core-1.2.3.jar:/Users/B0207448/.m2/repository/org/apache/logging/log4j/log4j-to-slf4j/2.10.0/log4j-to-slf4j-2.10.0.jar:/Users/B0207448/.m2/repository/org/apache/logging/log4j/log4j-api/2.10.0/log4j-api-2.10.0.jar:/Users/B0207448/.m2/repository/org/slf4j/jul-to-slf4j/1.7.25/jul-to-slf4j-1.7.25.jar:/Users/B0207448/.m2/repository/javax/annotation/javax.annotation-api/1.3.2/javax.annotation-api-1.3.2.jar:/Users/B0207448/.m2/repository/org/springframework/spring-core/5.0.8.RELEASE/spring-core-5.0.8.RELEASE.jar:/Users/B0207448/.m2/repository/org/springframework/spring-jcl/5.0.8.RELEASE/spring-jcl-5.0.8.RELEASE.jar:/Users/B0207448/.m2/repository/org/yaml/snakeyaml/1.19/snakeyaml-1.19.jar:/Users/B0207448/.m2/repository/org/apache/kafka/kafka-streams/1.0.2/kafka-streams-1.0.2.jar:/Users/B0207448/.m2/repository/org/apache/kafka/kafka-clients/1.0.2/kafka-clients-1.0.2.jar:/Users/B0207448/.m2/repository/org/lz4/lz4-java/1.4/lz4-java-1.4.jar:/Users/B0207448/.m2/repository/org/xerial/snappy/snappy-java/1.1.4/snappy-java-1.1.4.jar:/Users/B0207448/.m2/repository/org/apache/kafka/connect-json/1.0.2/connect-json-1.0.2.jar:/Users/B0207448/.m2/repository/org/apache/kafka/connect-api/1.0.2/connect-api-1.0.2.jar:/Users/B0207448/.m2/repository/com/fasterxml/jackson/core/jackson-databind/2.9.6/jackson-databind-2.9.6.jar:/Users/B0207448/.m2/repository/com/fasterxml/jackson/core/jackson-annotations/2.9.0/jackson-annotations-2.9.0.jar:/Users/B0207448/.m2/repository/com/fasterxml/jackson/core/jackson-core/2.9.6/jackson-core-2.9.6.jar:/Users/B0207448/.m2/repository/org/slf4j/slf4j-api/1.7.25/slf4j-api-1.7.25.jar:/Users/B0207448/.m2/repository/org/rocksdb/rocksdbjni/5.7.3/rocksdbjni-5.7.3.jar:/Users/B0207448/.m2/repository/org/springframework/kafka/spring-kafka/2.1.8.RELEASE/spring-kafka-2.1.8.RELEASE.jar:/Users/B0207448/.m2/repository/org/springframework/spring-context/5.0.8.RELEASE/spring-context-5.0.8.RELEASE.jar:/Users/B0207448/.m2/repository/org/springframework/spring-aop/5.0.8.RELEASE/spring-aop-5.0.8.RELEASE.jar:/Users/B0207448/.m2/repository/org/springframework/spring-beans/5.0.8.RELEASE/spring-beans-5.0.8.RELEASE.jar:/Users/B0207448/.m2/repository/org/springframework/spring-expression/5.0.8.RELEASE/spring-expression-5.0.8.RELEASE.jar:/Users/B0207448/.m2/repository/org/springframework/spring-messaging/5.0.8.RELEASE/spring-messaging-5.0.8.RELEASE.jar:/Users/B0207448/.m2/repository/org/springframework/spring-tx/5.0.8.RELEASE/spring-tx-5.0.8.RELEASE.jar:/Users/B0207448/.m2/repository/org/springframework/retry/spring-retry/1.2.2.RELEASE/spring-retry-1.2.2.RELEASE.jar:/Users/B0207448/.m2/repository/org/springframework/boot/spring-boot-starter-test/2.0.4.RELEASE/spring-boot-starter-test-2.0.4.RELEASE.jar:/Users/B0207448/.m2/repository/org/springframework/boot/spring-boot-test/2.0.4.RELEASE/spring-boot-test-2.0.4.RELEASE.jar:/Users/B0207448/.m2/repository/org/springframework/boot/spring-boot-test-autoconfigure/2.0.4.RELEASE/spring-boot-test-autoconfigure-2.0.4.RELEASE.jar:/Users/B0207448/.m2/repository/com/jayway/jsonpath/json-path/2.4.0/json-path-2.4.0.jar:/Users/B0207448/.m2/repository/net/minidev/json-smart/2.3/json-smart-2.3.jar:/Users/B0207448/.m2/repository/net/minidev/accessors-smart/1.2/accessors-smart-1.2.jar:/Users/B0207448/.m2/repository/org/ow2/asm/asm/5.0.4/asm-5.0.4.jar:/Users/B0207448/.m2/repository/junit/junit/4.12/junit-4.12.jar:/Users/B0207448/.m2/repository/org/assertj/assertj-core/3.9.1/assertj-core-3.9.1.jar:/Users/B0207448/.m2/repository/org/mockito/mockito-core/2.15.0/mockito-core-2.15.0.jar:/Users/B0207448/.m2/repository/net/bytebuddy/byte-buddy/1.7.11/byte-buddy-1.7.11.jar:/Users/B0207448/.m2/repository/net/bytebuddy/byte-buddy-agent/1.7.11/byte-buddy-agent-1.7.11.jar:/Users/B0207448/.m2/repository/org/objenesis/objenesis/2.6/objenesis-2.6.jar:/Users/B0207448/.m2/repository/org/hamcrest/hamcrest-core/1.3/hamcrest-core-1.3.jar:/Users/B0207448/.m2/repository/org/hamcrest/hamcrest-library/1.3/hamcrest-library-1.3.jar:/Users/B0207448/.m2/repository/org/skyscreamer/jsonassert/1.5.0/jsonassert-1.5.0.jar:/Users/B0207448/.m2/repository/com/vaadin/external/google/android-json/0.0.20131108.vaadin1/android-json-0.0.20131108.vaadin1.jar:/Users/B0207448/.m2/repository/org/springframework/spring-test/5.0.8.RELEASE/spring-test-5.0.8.RELEASE.jar:/Users/B0207448/.m2/repository/org/xmlunit/xmlunit-core/2.5.1/xmlunit-core-2.5.1.jar:/Users/B0207448/.m2/repository/org/springframework/boot/spring-boot-devtools/2.0.4.RELEASE/spring-boot-devtools-2.0.4.RELEASE.jar:"/>
    <property name="https.proxyPort" value="4145"/>
    <property name="java.vm.vendor" value="Oracle Corporation"/>
    <property name="sun.arch.data.model" value="64"/>
    <property name="java.vendor.url" value="http://java.oracle.com/"/>
    <property name="user.timezone" value=""/>
    <property name="java.vm.specification.version" value="1.8"/>
    <property name="os.name" value="Mac OS X"/>
    <property name="user.country" value="IN"/>
    <property name="sun.java.launcher" value="SUN_STANDARD"/>
    <property name="sun.boot.library.path" value="/Library/Java/JavaVirtualMachines/jdk1.8.0_181.jdk/Contents/Home/jre/lib"/>
    <property name="sun.java.command" value="/Users/B0207448/Documents/Sylphrena/gringotts/KafkaStreamsDemo/target/surefire/surefirebooter9043116221832985690.jar /Users/B0207448/Documents/Sylphrena/gringotts/KafkaStreamsDemo/target/surefire 2018-08-30T13-35-24_211-jvmRun1 surefire8599617937549523519tmp surefire_06029158054094349648tmp"/>
    <property name="http.nonProxyHosts" value="localhost|*.localhost|airtelworld.in|*.airtelworld.in|touchtelindia.com|*.touchtelindia.com|airtelworld.in|*.airtelworld.in|10.1.9.45|mn.bharti.com|*.mn.bharti.com|goofy|*.goofy|https://sms.airtelworld.in|*.https://sms.airtelworld.in|airtel.com|*.airtel.com|airtel.itm|*.airtel.itm|webmail.airtel.com|*.webmail.airtel.com|oa.airtel.com|*.oa.airtel.com|w3.airtel.in|*.w3.airtel.in|airtelworld.in|*.airtelworld.in|enoc-airtel.com|*.enoc-airtel.com|10.56.110.149"/>
    <property name="surefire.test.class.path" value="/Users/B0207448/Documents/Sylphrena/gringotts/KafkaStreamsDemo/target/test-classes:/Users/B0207448/Documents/Sylphrena/gringotts/KafkaStreamsDemo/target/classes:/Users/B0207448/.m2/repository/org/springframework/boot/spring-boot-starter/2.0.4.RELEASE/spring-boot-starter-2.0.4.RELEASE.jar:/Users/B0207448/.m2/repository/org/springframework/boot/spring-boot/2.0.4.RELEASE/spring-boot-2.0.4.RELEASE.jar:/Users/B0207448/.m2/repository/org/springframework/boot/spring-boot-autoconfigure/2.0.4.RELEASE/spring-boot-autoconfigure-2.0.4.RELEASE.jar:/Users/B0207448/.m2/repository/org/springframework/boot/spring-boot-starter-logging/2.0.4.RELEASE/spring-boot-starter-logging-2.0.4.RELEASE.jar:/Users/B0207448/.m2/repository/ch/qos/logback/logback-classic/1.2.3/logback-classic-1.2.3.jar:/Users/B0207448/.m2/repository/ch/qos/logback/logback-core/1.2.3/logback-core-1.2.3.jar:/Users/B0207448/.m2/repository/org/apache/logging/log4j/log4j-to-slf4j/2.10.0/log4j-to-slf4j-2.10.0.jar:/Users/B0207448/.m2/repository/org/apache/logging/log4j/log4j-api/2.10.0/log4j-api-2.10.0.jar:/Users/B0207448/.m2/repository/org/slf4j/jul-to-slf4j/1.7.25/jul-to-slf4j-1.7.25.jar:/Users/B0207448/.m2/repository/javax/annotation/javax.annotation-api/1.3.2/javax.annotation-api-1.3.2.jar:/Users/B0207448/.m2/repository/org/springframework/spring-core/5.0.8.RELEASE/spring-core-5.0.8.RELEASE.jar:/Users/B0207448/.m2/repository/org/springframework/spring-jcl/5.0.8.RELEASE/spring-jcl-5.0.8.RELEASE.jar:/Users/B0207448/.m2/repository/org/yaml/snakeyaml/1.19/snakeyaml-1.19.jar:/Users/B0207448/.m2/repository/org/apache/kafka/kafka-streams/1.0.2/kafka-streams-1.0.2.jar:/Users/B0207448/.m2/repository/org/apache/kafka/kafka-clients/1.0.2/kafka-clients-1.0.2.jar:/Users/B0207448/.m2/repository/org/lz4/lz4-java/1.4/lz4-java-1.4.jar:/Users/B0207448/.m2/repository/org/xerial/snappy/snappy-java/1.1.4/snappy-java-1.1.4.jar:/Users/B0207448/.m2/repository/org/apache/kafka/connect-json/1.0.2/connect-json-1.0.2.jar:/Users/B0207448/.m2/repository/org/apache/kafka/connect-api/1.0.2/connect-api-1.0.2.jar:/Users/B0207448/.m2/repository/com/fasterxml/jackson/core/jackson-databind/2.9.6/jackson-databind-2.9.6.jar:/Users/B0207448/.m2/repository/com/fasterxml/jackson/core/jackson-annotations/2.9.0/jackson-annotations-2.9.0.jar:/Users/B0207448/.m2/repository/com/fasterxml/jackson/core/jackson-core/2.9.6/jackson-core-2.9.6.jar:/Users/B0207448/.m2/repository/org/slf4j/slf4j-api/1.7.25/slf4j-api-1.7.25.jar:/Users/B0207448/.m2/repository/org/rocksdb/rocksdbjni/5.7.3/rocksdbjni-5.7.3.jar:/Users/B0207448/.m2/repository/org/springframework/kafka/spring-kafka/2.1.8.RELEASE/spring-kafka-2.1.8.RELEASE.jar:/Users/B0207448/.m2/repository/org/springframework/spring-context/5.0.8.RELEASE/spring-context-5.0.8.RELEASE.jar:/Users/B0207448/.m2/repository/org/springframework/spring-aop/5.0.8.RELEASE/spring-aop-5.0.8.RELEASE.jar:/Users/B0207448/.m2/repository/org/springframework/spring-beans/5.0.8.RELEASE/spring-beans-5.0.8.RELEASE.jar:/Users/B0207448/.m2/repository/org/springframework/spring-expression/5.0.8.RELEASE/spring-expression-5.0.8.RELEASE.jar:/Users/B0207448/.m2/repository/org/springframework/spring-messaging/5.0.8.RELEASE/spring-messaging-5.0.8.RELEASE.jar:/Users/B0207448/.m2/repository/org/springframework/spring-tx/5.0.8.RELEASE/spring-tx-5.0.8.RELEASE.jar:/Users/B0207448/.m2/repository/org/springframework/retry/spring-retry/1.2.2.RELEASE/spring-retry-1.2.2.RELEASE.jar:/Users/B0207448/.m2/repository/org/springframework/boot/spring-boot-starter-test/2.0.4.RELEASE/spring-boot-starter-test-2.0.4.RELEASE.jar:/Users/B0207448/.m2/repository/org/springframework/boot/spring-boot-test/2.0.4.RELEASE/spring-boot-test-2.0.4.RELEASE.jar:/Users/B0207448/.m2/repository/org/springframework/boot/spring-boot-test-autoconfigure/2.0.4.RELEASE/spring-boot-test-autoconfigure-2.0.4.RELEASE.jar:/Users/B0207448/.m2/repository/com/jayway/jsonpath/json-path/2.4.0/json-path-2.4.0.jar:/Users/B0207448/.m2/repository/net/minidev/json-smart/2.3/json-smart-2.3.jar:/Users/B0207448/.m2/repository/net/minidev/accessors-smart/1.2/accessors-smart-1.2.jar:/Users/B0207448/.m2/repository/org/ow2/asm/asm/5.0.4/asm-5.0.4.jar:/Users/B0207448/.m2/repository/junit/junit/4.12/junit-4.12.jar:/Users/B0207448/.m2/repository/org/assertj/assertj-core/3.9.1/assertj-core-3.9.1.jar:/Users/B0207448/.m2/repository/org/mockito/mockito-core/2.15.0/mockito-core-2.15.0.jar:/Users/B0207448/.m2/repository/net/bytebuddy/byte-buddy/1.7.11/byte-buddy-1.7.11.jar:/Users/B0207448/.m2/repository/net/bytebuddy/byte-buddy-agent/1.7.11/byte-buddy-agent-1.7.11.jar:/Users/B0207448/.m2/repository/org/objenesis/objenesis/2.6/objenesis-2.6.jar:/Users/B0207448/.m2/repository/org/hamcrest/hamcrest-core/1.3/hamcrest-core-1.3.jar:/Users/B0207448/.m2/repository/org/hamcrest/hamcrest-library/1.3/hamcrest-library-1.3.jar:/Users/B0207448/.m2/repository/org/skyscreamer/jsonassert/1.5.0/jsonassert-1.5.0.jar:/Users/B0207448/.m2/repository/com/vaadin/external/google/android-json/0.0.20131108.vaadin1/android-json-0.0.20131108.vaadin1.jar:/Users/B0207448/.m2/repository/org/springframework/spring-test/5.0.8.RELEASE/spring-test-5.0.8.RELEASE.jar:/Users/B0207448/.m2/repository/org/xmlunit/xmlunit-core/2.5.1/xmlunit-core-2.5.1.jar:/Users/B0207448/.m2/repository/org/springframework/boot/spring-boot-devtools/2.0.4.RELEASE/spring-boot-devtools-2.0.4.RELEASE.jar:"/>
    <property name="sun.cpu.endian" value="little"/>
    <property name="user.home" value="/Users/B0207448"/>
    <property name="user.language" value="en"/>
    <property name="java.specification.vendor" value="Oracle Corporation"/>
    <property name="java.home" value="/Library/Java/JavaVirtualMachines/jdk1.8.0_181.jdk/Contents/Home/jre"/>
    <property name="basedir" value="/Users/B0207448/Documents/Sylphrena/gringotts/KafkaStreamsDemo"/>
    <property name="https.proxyHost" value="airtelproxy.airtel.com"/>
    <property name="file.separator" value="/"/>
    <property name="line.separator" value="&#10;"/>
    <property name="java.vm.specification.vendor" value="Oracle Corporation"/>
    <property name="java.specification.name" value="Java Platform API Specification"/>
    <property name="java.awt.graphicsenv" value="sun.awt.CGraphicsEnvironment"/>
    <property name="surefire.real.class.path" value="/Users/B0207448/Documents/Sylphrena/gringotts/KafkaStreamsDemo/target/surefire/surefirebooter9043116221832985690.jar"/>
    <property name="sun.boot.class.path" value="/Library/Java/JavaVirtualMachines/jdk1.8.0_181.jdk/Contents/Home/jre/lib/resources.jar:/Library/Java/JavaVirtualMachines/jdk1.8.0_181.jdk/Contents/Home/jre/lib/rt.jar:/Library/Java/JavaVirtualMachines/jdk1.8.0_181.jdk/Contents/Home/jre/lib/sunrsasign.jar:/Library/Java/JavaVirtualMachines/jdk1.8.0_181.jdk/Contents/Home/jre/lib/jsse.jar:/Library/Java/JavaVirtualMachines/jdk1.8.0_181.jdk/Contents/Home/jre/lib/jce.jar:/Library/Java/JavaVirtualMachines/jdk1.8.0_181.jdk/Contents/Home/jre/lib/charsets.jar:/Library/Java/JavaVirtualMachines/jdk1.8.0_181.jdk/Contents/Home/jre/lib/jfr.jar:/Library/Java/JavaVirtualMachines/jdk1.8.0_181.jdk/Contents/Home/jre/classes"/>
    <property name="sun.management.compiler" value="HotSpot 64-Bit Tiered Compilers"/>
    <property name="ftp.nonProxyHosts" value="localhost|*.localhost|airtelworld.in|*.airtelworld.in|touchtelindia.com|*.touchtelindia.com|airtelworld.in|*.airtelworld.in|10.1.9.45|mn.bharti.com|*.mn.bharti.com|goofy|*.goofy|https://sms.airtelworld.in|*.https://sms.airtelworld.in|airtel.com|*.airtel.com|airtel.itm|*.airtel.itm|webmail.airtel.com|*.webmail.airtel.com|oa.airtel.com|*.oa.airtel.com|w3.airtel.in|*.w3.airtel.in|airtelworld.in|*.airtelworld.in|enoc-airtel.com|*.enoc-airtel.com|10.56.110.149"/>
    <property name="java.runtime.version" value="1.8.0_181-b13"/>
    <property name="user.name" value="B0207448"/>
    <property name="path.separator" value=":"/>
    <property name="os.version" value="10.13.6"/>
    <property name="java.endorsed.dirs" value="/Library/Java/JavaVirtualMachines/jdk1.8.0_181.jdk/Contents/Home/jre/lib/endorsed"/>
    <property name="java.runtime.name" value="Java(TM) SE Runtime Environment"/>
    <property name="file.encoding" value="UTF-8"/>
    <property name="java.vm.name" value="Java HotSpot(TM) 64-Bit Server VM"/>
    <property name="localRepository" value="/Users/B0207448/.m2/repository"/>
    <property name="java.vendor.url.bug" value="http://bugreport.sun.com/bugreport/"/>
    <property name="java.io.tmpdir" value="/var/folders/g2/8kdlbgfn4dg5j25hzqlqcljm0000gq/T/"/>
    <property name="java.version" value="1.8.0_181"/>
    <property name="user.dir" value="/Users/B0207448/Documents/Sylphrena/gringotts/KafkaStreamsDemo"/>
    <property name="os.arch" value="x86_64"/>
    <property name="java.vm.specification.name" value="Java Virtual Machine Specification"/>
    <property name="java.awt.printerjob" value="sun.lwawt.macosx.CPrinterJob"/>
    <property name="sun.os.patch.level" value="unknown"/>
    <property name="java.library.path" value="/Users/B0207448/Library/Java/Extensions:/Library/Java/Extensions:/Network/Library/Java/Extensions:/System/Library/Java/Extensions:/usr/lib/java:."/>
    <property name="java.vm.info" value="mixed mode"/>
    <property name="java.vendor" value="Oracle Corporation"/>
    <property name="java.vm.version" value="25.181-b13"/>
    <property name="java.ext.dirs" value="/Users/B0207448/Library/Java/Extensions:/Library/Java/JavaVirtualMachines/jdk1.8.0_181.jdk/Contents/Home/jre/lib/ext:/Library/Java/Extensions:/Network/Library/Java/Extensions:/System/Library/Java/Extensions:/usr/lib/java"/>
    <property name="sun.io.unicode.encoding" value="UnicodeBig"/>
    <property name="java.class.version" value="52.0"/>
    <property name="socksNonProxyHosts" value="localhost|*.localhost|airtelworld.in|*.airtelworld.in|touchtelindia.com|*.touchtelindia.com|airtelworld.in|*.airtelworld.in|10.1.9.45|mn.bharti.com|*.mn.bharti.com|goofy|*.goofy|https://sms.airtelworld.in|*.https://sms.airtelworld.in|airtel.com|*.airtel.com|airtel.itm|*.airtel.itm|webmail.airtel.com|*.webmail.airtel.com|oa.airtel.com|*.oa.airtel.com|w3.airtel.in|*.w3.airtel.in|airtelworld.in|*.airtelworld.in|enoc-airtel.com|*.enoc-airtel.com|10.56.110.149"/>
    <property name="http.proxyPort" value="4145"/>
  </properties>
  <testcase name="test" classname="com.tarni.kafka.streams.KafkaStreamsDemo.KafkaStreamsDemoApplicationTests" time="0.117"/>
  <testcase name="contextLoads" classname="com.tarni.kafka.streams.KafkaStreamsDemo.KafkaStreamsDemoApplicationTests" time="0.002"/>
</testsuite>